SonarCloud plugins:
  - Text Code Quality and Security 2.17.0.4070 (textenterprise)
  - JaCoCo 1.3.0.1538 (jacoco)
  - License for SonarLint 8.0.0.58142 (license)
  - IaC Code Quality and Security 1.38.0.13264 (iacenterprise)
  - IaC Code Quality and Security 1.38.0.13264 (iac)
  - Text Code Quality and Security 2.17.0.4070 (text)
Project server settings:
  - sonar.abap.file.suffixes=.abap,.ab4,.flow,.asprog
  - sonar.apex.file.suffixes=.cls,.trigger
  - sonar.autoscan.enabled=false
  - sonar.azureresourcemanager.file.suffixes=.bicep
  - sonar.c.file.suffixes=.c,.h
  - sonar.cpp.file.suffixes=.cc,.cpp,.cxx,.c++,.hh,.hpp,.hxx,.h++,.ipp,.ixx,.mxx,.cppm,.ccm,.cxxm,.c++m
  - sonar.cs.file.suffixes=.cs,.razor
  - sonar.css.file.suffixes=.css,.less,.scss,.sass
  - sonar.dart.file.suffixes=.dart
  - sonar.docker.file.patterns=Dockerfile,*.dockerfile
  - sonar.flex.file.suffixes=as
  - sonar.go.file.suffixes=.go
  - sonar.html.file.suffixes=.html,.xhtml,.cshtml,.vbhtml,.aspx,.ascx,.rhtml,.erb,.shtm,.shtml,.cmp,.twig
  - sonar.ipynb.file.suffixes=ipynb
  - sonar.java.file.suffixes=.java,.jav
  - sonar.java.jvmframeworkconfig.file.patterns=**/src/main/resources/**/application*.properties,**/src/main/resources/**/application*.yaml,**/src/main/resources/**/application*.yml
  - sonar.javascript.file.suffixes=.js,.jsx,.cjs,.mjs,.vue
  - sonar.jcl.file.suffixes=.jcl
  - sonar.json.file.suffixes=.json
  - sonar.jsp.file.suffixes=.jsp,.jspf,.jspx
  - sonar.kotlin.file.suffixes=.kt,.kts
  - sonar.objc.file.suffixes=.m
  - sonar.php.file.suffixes=php,php3,php4,php5,phtml,inc
  - sonar.pli.file.suffixes=.pli
  - sonar.plsql.file.suffixes=sql,tab,pkb
  - sonar.python.file.suffixes=py
  - sonar.rpg.file.suffixes=.rpg,.rpgle,.sqlrpgle,.RPG,.RPGLE,.SQLRPGLE
  - sonar.ruby.file.suffixes=.rb
  - sonar.scala.file.suffixes=.scala
  - sonar.swift.file.suffixes=.swift
  - sonar.terraform.file.suffixes=.tf
  - sonar.tsql.file.suffixes=.tsql
  - sonar.typescript.file.suffixes=.ts,.tsx,.cts,.mts
  - sonar.vb.file.suffixes=.bas,.frm,.ctl
  - sonar.vbnet.file.suffixes=.vb
  - sonar.xml.file.suffixes=.xml,.xsd,.xsl,.config
  - sonar.yaml.file.suffixes=.yaml,.yml
Project scanner properties:
  - sonar.exclusions=**/tests/**, **/AppTest/**, **/vendor/**, **/node_modules/**, **/storage/**, **/coverage/**, informes/**
  - sonar.host.url=https://sonarcloud.io
  - sonar.junit.reportPaths=coverage/junit.xml
  - sonar.login=******
  - sonar.organization=erickorganizacion
  - sonar.php.coverage.reportPaths=coverage/clover.xml
  - sonar.projectBaseDir=C:\Users\TheGoat\Desktop\prueba\proyecto-si784-2024-ii-u2-ayma_tapia_poma\project
  - sonar.projectKey=erickorganizacion_do-list
  - sonar.sarif.reportPath=informes/sonarqube/sonar-report.sarif
  - sonar.scanner.app=ScannerCli
  - sonar.scanner.appVersion=3.1.0.1141
  - sonar.scanner.home=C:\Users\TheGoat\AppData\Roaming\npm\node_modules\sonar-scanner\bin\..
  - sonar.sourceEncoding=UTF-8
  - sonar.sources=.
  - sonar.verbose=true
  - sonar.working.directory=C:\Users\TheGoat\Desktop\prueba\proyecto-si784-2024-ii-u2-ayma_tapia_poma\project\.scannerwork
